# JRE version: Java(TM) SE Runtime Environment (8.0-b132) (build 1.8.0-b132)
# Java VM: Java HotSpot(TM) 64-Bit Server VM (25.0-b70 mixed mode windows-amd64 compressed oops)
Heap:
 PSYoungGen      total 28672K, used 26345K [0x00000000d6300000, 0x00000000d8480000, 0x0000000100000000)
  eden space 26112K, 91% used [0x00000000d6300000,0x00000000d7a3e678,0x00000000d7c80000)
  from space 2560K, 99% used [0x00000000d8000000,0x00000000d827be20,0x00000000d8280000)
  to   space 3584K, 0% used [0x00000000d7c80000,0x00000000d7c80000,0x00000000d8000000)
 ParOldGen       total 127488K, used 6017K [0x0000000082800000, 0x000000008a480000, 0x00000000d6300000)
  object space 127488K, 4% used [0x0000000082800000,0x0000000082de06a8,0x000000008a480000)
 Metaspace       used 19020K, capacity 19212K, committed 19456K, reserved 1067008K
  class space    used 2253K, capacity 2298K, committed 2304K, reserved 1048576K
GC Heap History (10 events):
Event: 1.531 GC heap before
{Heap before GC invocations=12 (full 0):
 PSYoungGen      total 7680K, used 7660K [0x00000000d6300000, 0x00000000d7080000, 0x0000000100000000)
  eden space 6656K, 100% used [0x00000000d6300000,0x00000000d6980000,0x00000000d6980000)
  from space 1024K, 98% used [0x00000000d6980000,0x00000000d6a7b090,0x00000000d6a80000)
  to   space 1536K, 0% used [0x00000000d6f00000,0x00000000d6f00000,0x00000000d7080000)
 ParOldGen       total 127488K, used 1756K [0x0000000082800000, 0x000000008a480000, 0x00000000d6300000)
  object space 127488K, 1% used [0x0000000082800000,0x00000000829b7268,0x000000008a480000)
 Metaspace       used 8087K, capacity 8208K, committed 8448K, reserved 1056768K
  class space    used 956K, capacity 1008K, committed 1024K, reserved 1048576K
Event: 1.533 GC heap after
Heap after GC invocations=12 (full 0):
 PSYoungGen      total 12288K, used 1028K [0x00000000d6300000, 0x00000000d7080000, 0x0000000100000000)
  eden space 10752K, 0% used [0x00000000d6300000,0x00000000d6300000,0x00000000d6d80000)
  from space 1536K, 66% used [0x00000000d6f00000,0x00000000d7001128,0x00000000d7080000)
  to   space 1536K, 0% used [0x00000000d6d80000,0x00000000d6d80000,0x00000000d6f00000)
 ParOldGen       total 127488K, used 1932K [0x0000000082800000, 0x000000008a480000, 0x00000000d6300000)
  object space 127488K, 1% used [0x0000000082800000,0x00000000829e3268,0x000000008a480000)
 Metaspace       used 8087K, capacity 8208K, committed 8448K, reserved 1056768K
  class space    used 956K, capacity 1008K, committed 1024K, reserved 1048576K
}
Event: 1.765 GC heap before
{Heap before GC invocations=13 (full 0):
 PSYoungGen      total 12288K, used 11777K [0x00000000d6300000, 0x00000000d7080000, 0x0000000100000000)
  eden space 10752K, 99% used [0x00000000d6300000,0x00000000d6d7f440,0x00000000d6d80000)
  from space 1536K, 66% used [0x00000000d6f00000,0x00000000d7001128,0x00000000d7080000)
  to   space 1536K, 0% used [0x00000000d6d80000,0x00000000d6d80000,0x00000000d6f00000)
 ParOldGen       total 127488K, used 1932K [0x0000000082800000, 0x000000008a480000, 0x00000000d6300000)
  object space 127488K, 1% used [0x0000000082800000,0x00000000829e3268,0x000000008a480000)
 Metaspace       used 10018K, capacity 10128K, committed 10240K, reserved 1058816K
  class space    used 1152K, capacity 1200K, committed 1280K, reserved 1048576K
Event: 1.769 GC heap after
Heap after GC invocations=13 (full 0):
 PSYoungGen      total 12288K, used 1530K [0x00000000d6300000, 0x00000000d7800000, 0x0000000100000000)
  eden space 10752K, 0% used [0x00000000d6300000,0x00000000d6300000,0x00000000d6d80000)
  from space 1536K, 99% used [0x00000000d6d80000,0x00000000d6efe8a8,0x00000000d6f00000)
  to   space 2048K, 0% used [0x00000000d7600000,0x00000000d7600000,0x00000000d7800000)
 ParOldGen       total 127488K, used 2508K [0x0000000082800000, 0x000000008a480000, 0x00000000d6300000)
  object space 127488K, 1% used [0x0000000082800000,0x0000000082a73078,0x000000008a480000)
 Metaspace       used 10018K, capacity 10128K, committed 10240K, reserved 1058816K
  class space    used 1152K, capacity 1200K, committed 1280K, reserved 1048576K
}
Event: 2.058 GC heap before
{Heap before GC invocations=14 (full 0):
 PSYoungGen      total 12288K, used 12282K [0x00000000d6300000, 0x00000000d7800000, 0x0000000100000000)
  eden space 10752K, 100% used [0x00000000d6300000,0x00000000d6d80000,0x00000000d6d80000)
  from space 1536K, 99% used [0x00000000d6d80000,0x00000000d6efe8a8,0x00000000d6f00000)
  to   space 2048K, 0% used [0x00000000d7600000,0x00000000d7600000,0x00000000d7800000)
 ParOldGen       total 127488K, used 2508K [0x0000000082800000, 0x000000008a480000, 0x00000000d6300000)
  object space 127488K, 1% used [0x0000000082800000,0x0000000082a73078,0x000000008a480000)
 Metaspace       used 12095K, capacity 12224K, committed 12544K, reserved 1060864K
  class space    used 1401K, capacity 1428K, committed 1536K, reserved 1048576K
Event: 2.063 GC heap after
Heap after GC invocations=14 (full 0):
 PSYoungGen      total 18944K, used 2035K [0x00000000d6300000, 0x00000000d7900000, 0x0000000100000000)
  eden space 16896K, 0% used [0x00000000d6300000,0x00000000d6300000,0x00000000d7380000)
  from space 2048K, 99% used [0x00000000d7600000,0x00000000d77fcfb8,0x00000000d7800000)
  to   space 2560K, 0% used [0x00000000d7380000,0x00000000d7380000,0x00000000d7600000)
 ParOldGen       total 127488K, used 3068K [0x0000000082800000, 0x000000008a480000, 0x00000000d6300000)
  object space 127488K, 2% used [0x0000000082800000,0x0000000082aff3e0,0x000000008a480000)
 Metaspace       used 12095K, capacity 12224K, committed 12544K, reserved 1060864K
  class space    used 1401K, capacity 1428K, committed 1536K, reserved 1048576K
}
Event: 2.542 GC heap before
{Heap before GC invocations=15 (full 0):
 PSYoungGen      total 18944K, used 18931K [0x00000000d6300000, 0x00000000d7900000, 0x0000000100000000)
  eden space 16896K, 100% used [0x00000000d6300000,0x00000000d7380000,0x00000000d7380000)
  from space 2048K, 99% used [0x00000000d7600000,0x00000000d77fcfb8,0x00000000d7800000)
  to   space 2560K, 0% used [0x00000000d7380000,0x00000000d7380000,0x00000000d7600000)
 ParOldGen       total 127488K, used 3068K [0x0000000082800000, 0x000000008a480000, 0x00000000d6300000)
  object space 127488K, 2% used [0x0000000082800000,0x0000000082aff3e0,0x000000008a480000)
 Metaspace       used 14682K, capacity 14836K, committed 15104K, reserved 1062912K
  class space    used 1742K, capacity 1792K, committed 1792K, reserved 1048576K
Event: 2.547 GC heap after
Heap after GC invocations=15 (full 0):
 PSYoungGen      total 19456K, used 2119K [0x00000000d6300000, 0x00000000d8280000, 0x0000000100000000)
  eden space 16896K, 0% used [0x00000000d6300000,0x00000000d6300000,0x00000000d7380000)
  from space 2560K, 82% used [0x00000000d7380000,0x00000000d7591c38,0x00000000d7600000)
  to   space 2560K, 0% used [0x00000000d8000000,0x00000000d8000000,0x00000000d8280000)
 ParOldGen       total 127488K, used 4417K [0x0000000082800000, 0x000000008a480000, 0x00000000d6300000)
  object space 127488K, 3% used [0x0000000082800000,0x0000000082c50400,0x000000008a480000)
 Metaspace       used 14682K, capacity 14836K, committed 15104K, reserved 1062912K
  class space    used 1742K, capacity 1792K, committed 1792K, reserved 1048576K
}
Event: 5.317 GC heap before
{Heap before GC invocations=16 (full 0):
 PSYoungGen      total 19456K, used 19015K [0x00000000d6300000, 0x00000000d8280000, 0x0000000100000000)
  eden space 16896K, 100% used [0x00000000d6300000,0x00000000d7380000,0x00000000d7380000)
  from space 2560K, 82% used [0x00000000d7380000,0x00000000d7591c38,0x00000000d7600000)
  to   space 2560K, 0% used [0x00000000d8000000,0x00000000d8000000,0x00000000d8280000)
 ParOldGen       total 127488K, used 4417K [0x0000000082800000, 0x000000008a480000, 0x00000000d6300000)
  object space 127488K, 3% used [0x0000000082800000,0x0000000082c50400,0x000000008a480000)
 Metaspace       used 16945K, capacity 17106K, committed 17536K, reserved 1064960K
  class space    used 2010K, capacity 2053K, committed 2176K, reserved 1048576K
Event: 5.325 GC heap after
Heap after GC invocations=16 (full 0):
 PSYoungGen      total 28672K, used 2543K [0x00000000d6300000, 0x00000000d8480000, 0x0000000100000000)
  eden space 26112K, 0% used [0x00000000d6300000,0x00000000d6300000,0x00000000d7c80000)
  from space 2560K, 99% used [0x00000000d8000000,0x00000000d827be20,0x00000000d8280000)
  to   space 3584K, 0% used [0x00000000d7c80000,0x00000000d7c80000,0x00000000d8000000)
 ParOldGen       total 127488K, used 6017K [0x0000000082800000, 0x000000008a480000, 0x00000000d6300000)
  object space 127488K, 4% used [0x0000000082800000,0x0000000082de06a8,0x000000008a480000)
 Metaspace       used 16945K, capacity 17106K, committed 17536K, reserved 1064960K
  class space    used 2010K, capacity 2053K, committed 2176K, reserved 1048576K
}

